<?xml version="1.0" encoding="UTF-8" ?>
<testsuite tests="3" failures="0" name="pt.upa.transporter.ws.cli.TransporterClientTest" time="0.597" errors="1" skipped="0">
  <properties>
    <property name="java.runtime.name" value="Java(TM) SE Runtime Environment"/>
    <property name="sun.boot.library.path" value="/usr/lib/jvm/jdk1.8.0_73/jre/lib/amd64"/>
    <property name="java.vm.version" value="25.73-b02"/>
    <property name="java.vm.vendor" value="Oracle Corporation"/>
    <property name="maven.multiModuleProjectDirectory" value="/home/joao/A_13-project/transporter-ws-cli_eval"/>
    <property name="java.vendor.url" value="http://java.oracle.com/"/>
    <property name="path.separator" value=":"/>
    <property name="guice.disable.misplaced.annotation.check" value="true"/>
    <property name="java.vm.name" value="Java HotSpot(TM) 64-Bit Server VM"/>
    <property name="file.encoding.pkg" value="sun.io"/>
    <property name="user.country" value="US"/>
    <property name="sun.java.launcher" value="SUN_STANDARD"/>
    <property name="sun.os.patch.level" value="unknown"/>
    <property name="java.vm.specification.name" value="Java Virtual Machine Specification"/>
    <property name="user.dir" value="/home/joao/A_13-project/transporter-ws-cli_eval"/>
    <property name="java.runtime.version" value="1.8.0_73-b02"/>
    <property name="java.awt.graphicsenv" value="sun.awt.X11GraphicsEnvironment"/>
    <property name="java.endorsed.dirs" value="/usr/lib/jvm/jdk1.8.0_73/jre/lib/endorsed"/>
    <property name="os.arch" value="amd64"/>
    <property name="java.io.tmpdir" value="/tmp"/>
    <property name="line.separator" value="
"/>
    <property name="java.vm.specification.vendor" value="Oracle Corporation"/>
    <property name="os.name" value="Linux"/>
    <property name="classworlds.conf" value="/usr/local/apache-maven/apache-maven-3.3.9/bin/m2.conf"/>
    <property name="sun.jnu.encoding" value="UTF-8"/>
    <property name="java.library.path" value="/usr/java/packages/lib/amd64:/usr/lib64:/lib64:/lib:/usr/lib"/>
    <property name="java.specification.name" value="Java Platform API Specification"/>
    <property name="java.class.version" value="52.0"/>
    <property name="sun.management.compiler" value="HotSpot 64-Bit Tiered Compilers"/>
    <property name="os.version" value="3.19.0-58-generic"/>
    <property name="user.home" value="/home/joao"/>
    <property name="user.timezone" value="Europe/Lisbon"/>
    <property name="java.awt.printerjob" value="sun.print.PSPrinterJob"/>
    <property name="file.encoding" value="UTF-8"/>
    <property name="java.specification.version" value="1.8"/>
    <property name="user.name" value="joao"/>
    <property name="java.class.path" value="/usr/local/apache-maven/apache-maven-3.3.9/boot/plexus-classworlds-2.5.2.jar"/>
    <property name="java.vm.specification.version" value="1.8"/>
    <property name="sun.arch.data.model" value="64"/>
    <property name="java.home" value="/usr/lib/jvm/jdk1.8.0_73/jre"/>
    <property name="sun.java.command" value="org.codehaus.plexus.classworlds.launcher.Launcher clean install test verify"/>
    <property name="java.specification.vendor" value="Oracle Corporation"/>
    <property name="user.language" value="en"/>
    <property name="awt.toolkit" value="sun.awt.X11.XToolkit"/>
    <property name="java.vm.info" value="mixed mode"/>
    <property name="java.version" value="1.8.0_73"/>
    <property name="java.ext.dirs" value="/usr/lib/jvm/jdk1.8.0_73/jre/lib/ext:/usr/java/packages/lib/ext"/>
    <property name="securerandom.source" value="file:/dev/./urandom"/>
    <property name="sun.boot.class.path" value="/usr/lib/jvm/jdk1.8.0_73/jre/lib/resources.jar:/usr/lib/jvm/jdk1.8.0_73/jre/lib/rt.jar:/usr/lib/jvm/jdk1.8.0_73/jre/lib/sunrsasign.jar:/usr/lib/jvm/jdk1.8.0_73/jre/lib/jsse.jar:/usr/lib/jvm/jdk1.8.0_73/jre/lib/jce.jar:/usr/lib/jvm/jdk1.8.0_73/jre/lib/charsets.jar:/usr/lib/jvm/jdk1.8.0_73/jre/lib/jfr.jar:/usr/lib/jvm/jdk1.8.0_73/jre/classes"/>
    <property name="java.vendor" value="Oracle Corporation"/>
    <property name="maven.home" value="/usr/local/apache-maven/apache-maven-3.3.9"/>
    <property name="file.separator" value="/"/>
    <property name="java.vendor.url.bug" value="http://bugreport.sun.com/bugreport/"/>
    <property name="sun.cpu.endian" value="little"/>
    <property name="sun.io.unicode.encoding" value="UnicodeLittle"/>
    <property name="sun.desktop" value="gnome"/>
    <property name="sun.cpu.isalist" value=""/>
  </properties>
  <testcase classname="pt.upa.transporter.ws.cli.TransporterClientTest" name="testMockUddiNameNotFound" time="0.064"/>
  <testcase classname="pt.upa.transporter.ws.cli.TransporterClientTest" name="testMockUddi" time="0.519">
    <error message="&quot;Class: example.ws.handler.LoggingHandler could not be found&quot;" type="com.sun.xml.ws.util.UtilException">com.sun.xml.ws.util.UtilException: &quot;Class: example.ws.handler.LoggingHandler could not be found&quot;
	at com.sun.xml.ws.handler.HandlerChainsModel.loadClass(HandlerChainsModel.java:371)
	at com.sun.xml.ws.handler.HandlerChainsModel.getHandlersForPortInfo(HandlerChainsModel.java:345)
	at com.sun.xml.ws.client.HandlerConfigurator$AnnotationConfigurator.configureHandlers(HandlerConfigurator.java:151)
	at com.sun.xml.ws.client.PortInfo.createBinding(PortInfo.java:162)
	at com.sun.xml.ws.client.SEIPortInfo.createBinding(SEIPortInfo.java:89)
	at com.sun.xml.ws.client.WSServiceDelegate.createEndpointIFBaseProxy(WSServiceDelegate.java:817)
	at com.sun.xml.ws.client.WSServiceDelegate.getPort(WSServiceDelegate.java:451)
	at com.sun.xml.ws.client.WSServiceDelegate.getPort(WSServiceDelegate.java:419)
	at com.sun.xml.ws.client.WSServiceDelegate.getPort(WSServiceDelegate.java:401)
	at javax.xml.ws.Service.getPort(Service.java:119)
	at pt.upa.transporter.ws.TransporterService.getTransporterPort(TransporterService.java:74)
	at pt.upa.transporter.ws.cli.TransporterClient.createStub(TransporterClient.java:98)
	at pt.upa.transporter.ws.cli.TransporterClient.&lt;init&gt;(TransporterClient.java:68)
	at pt.upa.transporter.ws.cli.TransporterClientTest.testMockUddi(TransporterClientTest.java:83)
	at sun.reflect.NativeMethodAccessorImpl.invoke0(Native Method)
	at java.lang.reflect.Method.invoke(Method.java:497)
	at org.apache.maven.surefire.junit4.JUnit4Provider.execute(JUnit4Provider.java:252)
	at org.apache.maven.surefire.junit4.JUnit4Provider.executeTestSet(JUnit4Provider.java:141)
	at org.apache.maven.surefire.junit4.JUnit4Provider.invoke(JUnit4Provider.java:112)
	at sun.reflect.NativeMethodAccessorImpl.invoke0(Native Method)
	at java.lang.reflect.Method.invoke(Method.java:497)
	at org.apache.maven.surefire.util.ReflectionUtils.invokeMethodWithArray(ReflectionUtils.java:189)
	at org.apache.maven.surefire.booter.ProviderFactory$ProviderProxy.invoke(ProviderFactory.java:165)
	at org.apache.maven.surefire.booter.ProviderFactory.invokeProvider(ProviderFactory.java:85)
	at org.apache.maven.surefire.booter.ForkedBooter.runSuitesInProcess(ForkedBooter.java:115)
	at org.apache.maven.surefire.booter.ForkedBooter.main(ForkedBooter.java:75)
</error>
  </testcase>
  <testcase classname="pt.upa.transporter.ws.cli.TransporterClientTest" name="testMockUddiServerNotFound" time="0.014"/>
</testsuite>